<?xml version="1.0" encoding="UTF-8"?>
<testng-results skipped="0" failed="0" ignored="0" total="1" passed="1">
  <reporter-output>
  </reporter-output>
  <suite name="Regression Test" duration-ms="10574" started-at="2018-08-21T17:42:47Z" finished-at="2018-08-21T17:42:58Z">
    <groups>
    </groups>
    <test name="Test All" duration-ms="10574" started-at="2018-08-21T17:42:47Z" finished-at="2018-08-21T17:42:58Z">
      <class name="com.spec.obj.posts.FirstPost_Test">
        <test-method status="PASS" signature="setUp(java.lang.String)[pri:0, instance:com.spec.obj.posts.FirstPost_Test@307f6b8c]" name="setUp" is-config="true" duration-ms="3972" started-at="2018-08-21T23:12:47Z" finished-at="2018-08-21T23:12:51Z">
          <params>
            <param index="0">
              <value>
                <![CDATA[chrome]]>
              </value>
            </param>
          </params>
          <reporter-output>
          </reporter-output>
        </test-method> <!-- setUp -->
        <test-method status="PASS" signature="createPost()[pri:0, instance:com.spec.obj.posts.FirstPost_Test@307f6b8c]" name="createPost" duration-ms="6406" started-at="2018-08-21T23:12:51Z" finished-at="2018-08-21T23:12:58Z">
          <reporter-output>
          </reporter-output>
        </test-method> <!-- createPost -->
        <test-method status="PASS" signature="close()[pri:0, instance:com.spec.obj.posts.FirstPost_Test@307f6b8c]" name="close" is-config="true" duration-ms="176" started-at="2018-08-21T23:12:58Z" finished-at="2018-08-21T23:12:58Z">
          <reporter-output>
          </reporter-output>
        </test-method> <!-- close -->
      </class> <!-- com.spec.obj.posts.FirstPost_Test -->
    </test> <!-- Test All -->
  </suite> <!-- Regression Test -->
</testng-results>
