<?xml version="1.0" encoding="UTF-8"?>
<!-- Generated by org.testng.reporters.JUnitXMLReporter -->
<testsuite hostname="mds-MacBook-Pro.local" ignored="0" name="Command line test" tests="1" failures="0" timestamp="20 Aug 2018 11:08:14 GMT" time="0.043" errors="0">
  <testcase name="@BeforeClass setUp" time="0.0" classname="com.mapp.obj.common.BrowserLaunch">
    <failure type="java.lang.NullPointerException">
      <![CDATA[java.lang.NullPointerException
	at com.mapp.obj.common.BrowserLaunch.setUp(BrowserLaunch.java:28)
... Removed 34 stack frames]]>
    </failure>
  </testcase> <!-- @BeforeClass setUp -->
  <testcase name="ok" time="0.001" classname="com.mapp.test.user.Login_Test">
    <skipped/>
  </testcase> <!-- ok -->
</testsuite> <!-- Command line test -->
