<?xml version="1.0" encoding="UTF-8"?>
<!-- Generated by org.testng.reporters.JUnitXMLReporter -->
<testsuite hostname="mds-MacBook-Pro.local" ignored="0" name="Command line test" tests="2" failures="0" timestamp="26 Aug 2018 03:17:06 GMT" time="0.048" errors="0">
  <testcase name="@BeforeClass setUp" time="0.0" classname="com.mapp.obj.common.BrowserLaunch">
    <failure type="java.lang.NullPointerException">
      <![CDATA[java.lang.NullPointerException
	at com.mapp.obj.common.BrowserLaunch.setUp(BrowserLaunch.java:29)
... Removed 35 stack frames]]>
    </failure>
  </testcase> <!-- @BeforeClass setUp -->
  <testcase name="@AfterClass close" time="0.0" classname="com.mapp.obj.common.BrowserLaunch">
    <skipped/>
  </testcase> <!-- @AfterClass close -->
  <testcase name="@BeforeClass setUp" time="0.0" classname="com.mapp.obj.common.BrowserLaunch">
    <skipped/>
  </testcase> <!-- @BeforeClass setUp -->
  <testcase name="@AfterClass close" time="0.0" classname="com.mapp.obj.common.BrowserLaunch">
    <skipped/>
  </testcase> <!-- @AfterClass close -->
  <testcase name="ok" time="0.003" classname="com.mapp.test.user.Login_Test">
    <skipped/>
  </testcase> <!-- ok -->
  <testcase name="createPost" time="0.0" classname="com.spec.obj.posts.FirstPost_Test">
    <skipped/>
  </testcase> <!-- createPost -->
</testsuite> <!-- Command line test -->
